CM008230.1_RagTag	6039	3386	CM008230.1_RagTag	CP142737.1	90.906	2540	203	19	84175488	84178011	298372	295845	0.0
CM008231.1_RagTag	3066146	3430	CM008231.1_RagTag	OZ034796.1	80.866	4458	769	74	2688813	2693223	1631915	1627495	0.0
CM008233.1_RagTag	3066146	3847	CM008233.1_RagTag	OZ034796.1	82.540	4473	687	75	48350917	48355335	1627495	1631927	0.0
CM008234.1_RagTag	3066146	4614	CM008234.1_RagTag	OZ034796.1	79.447	6870	1140	225	13280777	13287492	1615377	1622128	0.0
CM008235.1_RagTag	6039	3358	CM008235.1_RagTag	CP142737.1	90.705	2539	210	17	13075055	13077578	298372	295845	0.0
CM008236.1_RagTag	3066146	5720	CM008236.1_RagTag	OZ034796.1	79.078	8876	1441	334	42335102	42343732	1624081	1615377	0.0
CM008237.1_RagTag	3066146	2822	CM008237.1_RagTag	OZ034796.1	79.955	4001	668	99	39670113	39674034	1627970	1631915	0.0
CM008238.1_RagTag	3066146	3819	CM008238.1_RagTag	OZ034796.1	82.436	4475	688	79	20157213	20161631	1631927	1627495	0.0
CM008239.1_RagTag	6039	3369	CM008239.1_RagTag	CP142737.1	90.784	2539	208	17	13888812	13891335	298372	295845	0.0
CM008240.1_RagTag	418459	568	CM008240.1_RagTag	XM_003323538.2	79.848	789	149	9	16876816	16877599	1342	559	6.99e-153
NEEE01001129.1_RagTag	354	859	NEEE01001129.1_RagTag	DQ299959.1	91.121	642	45	10	159932	160570	1327	695	0.0
scaffold_1012	3234827	403	scaffold_1012	PQ046106.1	79.522	586	105	12	22903	23477	587	6	7.32e-106
scaffold_104	3066146	207	scaffold_104	OZ034796.1	78.378	333	62	7	847943	848270	1619782	1619455	1.08e-45
scaffold_1049	354	486	scaffold_1049	DQ299959.1	81.506	611	96	14	33915	34519	1321	722	6.77e-131
scaffold_1157	3234827	429	scaffold_1157	PQ046106.1	87.105	380	48	1	54278	54656	1017	638	1.99e-113
scaffold_1165	3066146	5806	scaffold_1165	OZ034796.1	79.243	8879	1432	329	20203	28844	1615	377	1624081	0.0
scaffold_1176	354	859	scaffold_1176	DQ299959.1	91.121	642	45	10	57462	58100	6951327	0.0
scaffold_120	354	569	scaffold_120	DQ299959.1	83.203	637	91	13	373743	374373	6951321	2.11e-154
scaffold_1233	354	350	scaffold_1233	DQ299959.1	81.124	445	76	8	11077	11517	895	1335	1.48e-89
scaffold_1281	354	523	scaffold_1281	DQ299959.1	82.229	619	98	10	12779	13393	1332	722	7.77e-142
scaffold_1285	3066146	5749	scaffold_1285	OZ034796.1	78.940	9041	1473	342	25383	34186	1624223	1615377	0.0
scaffold_1317	3066146	3823	scaffold_1317	OZ034796.1	82.446	4472	691	75	28739	33155	1627495	1631927	0.0
scaffold_135	3234827	525	scaffold_135	PQ046106.1	82.439	615	95	12	856887	857495	612	5	4.34e-141
scaffold_141	3066146	207	scaffold_141	OZ034796.1	78.378	333	62	7	138836	139163	1619782	1619455	1.72e-45
scaffold_1557	1827300	41214	scaffold_1557	CP023269.1	98.963	23053	203	13	19950	42996	3070248	3093270	0.0
scaffold_1559	354	536	scaffold_1559	DQ299959.1	82.895	608	93	9	20397	21001	722	1321	7.24e-146
scaffold_1668	528343	63328	scaffold_1668	CP120377.1	98.024	36536	568	129	1	36461	6421802	6385	346	0.0
scaffold_1699	175245	220	scaffold_1699	LR994006.1	85.446	213	30	1	15055	15266	1486	1274	6.82e-51
scaffold_1757	3234827	813	scaffold_1757	PQ046106.1	90.717	614	51	6	32059	32670	3	612	0.0
scaffold_1804	1495331	29290	scaffold_1804	CP007638.1	95.482	18372	788	39	6131	24492	3621676	3640015	0.0
scaffold_1808	9606	641	scaffold_1808	OZ163862.1	87.681	552	66	2	28016	28566	1195580	1195030	1.08e-177
scaffold_1871	9606	641	scaffold_1871	OZ163862.1	87.681	552	66	2	699	1249	1195030	1195580	1.01e-177
scaffold_1875	9606	641	scaffold_1875	OZ163862.1	87.703	553	65	3	26216	26767	1195580	1195030	1.01e-177
scaffold_1876	1827300	51954	scaffold_1876	CP023269.1	99.066	29007	152	108	1	28961	455498	426565	0.0
scaffold_1929	3234827	813	scaffold_1929	PQ046106.1	90.717	614	51	6	787	1398	612	3	0.0
scaffold_1948	9606	641	scaffold_1948	OZ163862.1	87.681	552	66	2	19978	20528	1195580	1195030	9.22e-178
scaffold_1949	1827300	47773	scaffold_1949	CP023269.1	99.131	26574	209	9	1	26558	1050228	1023661	0.0
scaffold_1948	9606	641	scaffold_1948	OZ163862.1	87.681	552	66	2	19978	20528	1195580	1195030	9.22e-178
scaffold_1949	1827300	47773	scaffold_1949	CP023269.1	99.131	26574	209	9	1	26558	1050228	1023661	0.0
scaffold_1968	9606	636	scaffold_1968	OZ163862.1	87.523	553	66	3	25155	25706	1195580	1195030	4.19e-176
scaffold_1974	9606	641	scaffold_1974	OZ163862.1	87.681	552	66	2	22958	23508	1195580	1195030	8.93e-178
scaffold_1981	9606	634	scaffold_1981	OZ163862.1	87.500	552	66	3	19923	20472	1195580	1195030	1.48e-175
scaffold_1991	175247	158	scaffold_1991	GQ995418.1	95.876	97	4	0	25170	25266	4	100	3.87e-32
scaffold_2027	354	859	scaffold_2027	DQ299959.1	91.121	642	45	10	23016	23654	695	1327	0.0
scaffold_2045	9606	641	scaffold_2045	OZ163862.1	87.681	552	66	2	1452	2002	1195030	1195580	8.23e-178
scaffold_2050	1827300	37731	scaffold_2050	CP023269.1	98.404	21497	271	70	1	21472	2986426	2964977	0.0
scaffold_2086	354	859	scaffold_2086	DQ299959.1	91.121	642	45	10	21607	22245	695	1327	0.0
scaffold_2234	354	859	scaffold_2234	DQ299959.1	91.121	642	45	10	14419	15057	695	1327	0.0
scaffold_2242	3234827	813	scaffold_2242	PQ046106.1	90.717	614	51	6	14220	14831	3	612	0.0
scaffold_2252	9606	641	scaffold_2252	OZ163862.1	87.681	552	66	2	2873	3423	1195030	1195	580	4.70e-178
scaffold_258	3234827	525	scaffold_258	PQ046106.1	82.382	613	99	9	171403	172011	612	5	2.43e-141
scaffold_270	3066146	207	scaffold_270	OZ034796.1	78.378	333	62	7	493372	493699	1619455	1619	782	9.71e-46
scaffold_286	3066146	3880	scaffold_286	OZ034796.1	82.674	4473	681	75	274775	279193	1631927	1627	495	0.0
scaffold_28	3066146	5609	scaffold_28	OZ034796.1	79.409	8460	1349	312	2880541	2888766	1615377	1623	677	0.0
scaffold_296	175245	477	scaffold_296	KY687533.1	85.590	458	63	3	73504	73959	695	239	6.23e-127
scaffold_304	3066146	5836	scaffold_304	OZ034796.1	79.128	9036	1451	348	219996	228785	1615377	1624	223	0.0
scaffold_313	3234827	525	scaffold_313	PQ046106.1	82.382	613	99	9	563107	563715	612	5	2.06e-141
scaffold_323	3066146	5884	scaffold_323	OZ034796.1	79.228	9036	1440	350	142529	151316	1615377	1624	223	0.0
scaffold_324	175245	204	scaffold_324	KY687533.1	88.304	171	19	1	45911	46080	3045	2875	1.07e-44
scaffold_340	3066146	3768	scaffold_340	OZ034796.1	82.261	4476	687	84	494784	499195	1627495	1631	927	0.0
scaffold_35	354	566	scaffold_35	DQ299959.1	83.441	622	89	12	3470309	3470925	1337	725	8.75e-153
scaffold_371	3066146	4010	scaffold_371	OZ034796.1	79.389	6084	952	244	335639	341545	1618123	1624	081	0.0
scaffold_380	3066146	5880	scaffold_380	OZ034796.1	79.216	9036	1442	349	270694	279482	1624223	1615	377	0.0
scaffold_38	3066146	2305	scaffold_38	OZ034796.1	81.701	2869	434	74	2550961	2553776	1622117	1619	287	0.0
scaffold_40	3066146	303	scaffold_40	OZ034796.1	85.099	302	39	6	86619	86917	1621635	1621	337	6.51e-74
scaffold_42	3066146	5655	scaffold_42	OZ034796.1	78.954	8914	1429	356	1120781	1129456	1624081	1615	377	0.0
scaffold_435	3234827	520	scaffold_435	PQ046106.1	82.305	616	94	14	304022	304630	612	5	6.32e-140
scaffold_442	3066146	4597	scaffold_442	OZ034796.1	79.471	6922	1081	271	50534	57263	1624223	1617450	0.0
scaffold_46	3066146	3626	scaffold_46	OZ034796.1	82.118	4334	683	74	337563	341843	1627495	1631789	0.0
scaffold_482	354	859	scaffold_482	DQ299959.1	91.121	642	45	10	142984	143622	695	1327	0.0
scaffold_519	3234827	435	scaffold_519	PQ046106.1	87.402	381	45	3	190432	190810	638	1017	1.83e-114
scaffold_544	3066146	3864	scaffold_544	OZ034796.1	82.611	4474	682	77	115167	119585	1631927	1627495	0.0
scaffold_605	354	396	scaffold_605	DQ299959.1	83.257	436	67	6	54455	54887895	1327	6.18e-103
scaffold_608	3066146	5888	scaffold_608	OZ034796.1	79.412	8879	1414	330	195430	204068	1624081	1615377	0.0
scaffold_619	3066146	303	scaffold_619	OZ034796.1	85.099	302	39	6	43134	434321621337	1621635	3.73e-75
scaffold_632	3066146	3869	scaffold_632	OZ034796.1	82.641	4476	677	80	94684	991021631927	1627495	0.0
scaffold_67	3234827	525	scaffold_67	PQ046106.1	82.468	616	93	14	562770	563378	5	612	7.66e-141
scaffold_721	175245	206	scaffold_721	KY687533.1	86.316	190	25	1	126231	126419	2875	3064	8.81e-46
scaffold_73	3066146	2093	scaffold_73	OZ034796.1	80.270	2960	435	112	28041	30899	1623347	1620436	0.0
scaffold_74	3066146	1821	scaffold_74	OZ034796.1	78.396	2967	525	94	307671	310571	1618293	1615377	0.0
scaffold_761	3066146	5882	scaffold_761	OZ034796.1	79.401	8879	1415	330	98776	107414	1615377	1624081	0.0
scaffold_787	3234827	420	scaffold_787	PQ046106.1	79.445	613	110	13	61518	62120	612	6	2.30e-110
scaffold_799	175245	187	scaffold_799	KC672926.1	75.238	420	90	14	90185	90597	442	30	2.45e-40
scaffold_813	354	409	scaffold_813	DQ299959.1	83.371	445	71	3	55946	56389	1336	894	4.60e-107
scaffold_897	354	859	scaffold_897	DQ299959.1	91.121	642	45	10	32969	33607	695	1327	0.0
scaffold_89	3066146	4061	scaffold_89	OZ034796.1	79.263	6245	974	252	1556444	1562511	1618123	1624223	0.0
scaffold_933	3066146	3422	scaffold_933	OZ034796.1	79.627	5095	782	204	45857	50801	1624223	1619235	0.0
scaffold_2027	354	859	scaffold_2027	DQ299959.1	91.121	642	45	10	23016	23654	695	1327	0.0
scaffold_2045	9606	641	scaffold_2045	OZ163862.1	87.681	552	66	2	1452	2002	1195030	1195580	8.23e-178
scaffold_2050	1827300	37731	scaffold_2050	CP023269.1	98.404	21497	271	70	1	21472	2986426	2964977	0.0
scaffold_2052	2777367	10970	scaffold_2052	CP063780.1	93.021	7551	467	49	1	7527	2575601	2568087	0.0
scaffold_2086	354	859	scaffold_2086	DQ299959.1	91.121	642	45	10	21607	22245	695	1327	0.0
scaffold_2098	175247	169	scaffold_2098	GQ995418.1	96.117	103	4	0	2	104	106	4	1.57e-35
scaffold_2105	9606	641	scaffold_2105	OZ163862.1	87.681	552	66	2	2743	3293	1195030	1195580	7.62e-178
scaffold_2116	244566	23307	scaffold_2116	CP117450.1	99.725	12737	13	19	1	12731	947393	934673	0.0
scaffold_2117	9606	641	scaffold_2117	OZ163862.1	87.681	552	66	2	2930	3480	1195030	1195580	7.45e-178
scaffold_2121	9606	641	scaffold_2121	OZ163862.1	87.681	552	66	2	15149	15699	1195580	1195030	7.35e-178
scaffold_2123	3234827	813	scaffold_2123	PQ046106.1	90.717	614	51	6	20142	20753	3	612	0.0
scaffold_2152	1827300	35329	scaffold_2152	CP023269.1	99.305	19561	93	35	1	19545	4158572	4139039	0.0
scaffold_2158	9606	641	scaffold_2158	OZ163862.1	87.681	552	66	2	2291	2841	1195030	1195580	6.73e-178
scaffold_2162	9606	641	scaffold_2162	OZ163862.1	87.681	552	66	2	1275	1825	1195030	1195580	6.65e-178
scaffold_2163	3234827	813	scaffold_2163	PQ046106.1	90.717	614	51	6	17305	17916	3	612	0.0
scaffold_2174	9606	641	scaffold_2174	OZ163862.1	87.681	552	66	2	6531	7081	1195030	1195580	6.44e-178
scaffold_2180	354	859	scaffold_2180	DQ299959.1	91.121	642	45	10	769	1407	1327	695	0.0
scaffold_2183	3111449	30494	scaffold_2183	CP141833.1	96.987	18190	483	40	1	18178	4094375	4112511	0.0
scaffold_2204	9606	641	scaffold_2204	OZ163862.1	87.681	552	66	2	5614	6164	1195030	1195580	5.99e-178
scaffold_2209	9606	641	scaffold_2209	OZ163862.1	87.681	552	66	2	9876	10426	1195580	1195030	5.92e-178
scaffold_2215	9606	641	scaffold_2215	OZ163862.1	87.681	552	66	2	1960	2510	1195030	1195580	5.87e-178
scaffold_2219	9606	641	scaffold_2219	OZ163862.1	87.681	552	66	2	13046	13596	1195580	1195030	5.79e-178
scaffold_2234	354	859	scaffold_2234	DQ299959.1	91.121	642	45	10	14419	15057	695	1327	0.0
scaffold_2242	3234827	813	scaffold_2242	PQ046106.1	90.717	614	51	6	14220	14831	3	612	0.0
scaffold_2252	9606	641	scaffold_2252	OZ163862.1	87.681	552	66	2	2873	3423	1195030	1195580	4.70e-178
scaffold_270	3066146	207	scaffold_270	OZ034796.1	78.378	333	62	7	493372	493699	1619455	1619782	9.71e-46
scaffold_28	3066146	5609	scaffold_28	OZ034796.1	79.409	8460	1349	312	2880541	2888766	1615377	1623677	0.0
scaffold_286	3066146	3880	scaffold_286	OZ034796.1	82.674	4473	681	75	274775	279193	1631927	1627495	0.0
scaffold_304	3066146	5836	scaffold_304	OZ034796.1	79.128	9036	1451	348	219996	228785	1615377	1624223	0.0
